
[2026-04-27T06:29:32.751Z] Network Error on https://localhost:7293/api/Office?PageNumber=1&PageSize=10: TypeError: Cannot convert argument to a ByteString because the character at index 716 has a value of 2336 which is greater than 255.
    at Module.fetch (D:\office\ntis-ui\.next\dev\server\chunks\ssr\node_modules_undici_0sdo5nq._.js:21877:19)
    at async serverFetch (D:\office\ntis-ui\.next\dev\server\chunks\ssr\[root-of-the-server]__0--uxy0._.js:976:21)
    at async ApiClient.request (D:\office\ntis-ui\.next\dev\server\chunks\ssr\[root-of-the-server]__0--uxy0._.js:1169:30)
    at async getOfficesPaged (D:\office\ntis-ui\.next\dev\server\chunks\ssr\[root-of-the-server]__0--uxy0._.js:1425:26)
    at async fetchOfficePagedServerAction (D:\office\ntis-ui\.next\dev\server\chunks\ssr\[root-of-the-server]__0--uxy0._.js:1568:24)
    at async Page (D:\office\ntis-ui\.next\dev\server\chunks\ssr\[root-of-the-server]__0g~w.ev._.js:110:20)
[2026-04-27T06:29:33.271Z] Network Error on https://localhost:7293/api/Office?PageNumber=1&PageSize=10: TypeError: Cannot convert argument to a ByteString because the character at index 716 has a value of 2336 which is greater than 255.
    at Module.fetch (D:\office\ntis-ui\.next\dev\server\chunks\ssr\node_modules_undici_0sdo5nq._.js:21877:19)
    at async serverFetch (D:\office\ntis-ui\.next\dev\server\chunks\ssr\[root-of-the-server]__0--uxy0._.js:976:21)
    at async ApiClient.request (D:\office\ntis-ui\.next\dev\server\chunks\ssr\[root-of-the-server]__0--uxy0._.js:1169:30)
    at async getOfficesPaged (D:\office\ntis-ui\.next\dev\server\chunks\ssr\[root-of-the-server]__0--uxy0._.js:1425:26)
    at async fetchOfficePagedServerAction (D:\office\ntis-ui\.next\dev\server\chunks\ssr\[root-of-the-server]__0--uxy0._.js:1568:24)
    at async Page (D:\office\ntis-ui\.next\dev\server\chunks\ssr\[root-of-the-server]__0g~w.ev._.js:110:20)
[2026-04-27T06:29:33.742Z] Network Error on https://localhost:7293/api/Office?PageNumber=1&PageSize=10: TypeError: Cannot convert argument to a ByteString because the character at index 716 has a value of 2336 which is greater than 255.
    at Module.fetch (D:\office\ntis-ui\.next\dev\server\chunks\ssr\node_modules_undici_0sdo5nq._.js:21877:19)
    at runNextTicks (node:internal/process/task_queues:64:5)
    at listOnTimeout (node:internal/timers:567:9)
    at process.processTimers (node:internal/timers:541:7)
    at async serverFetch (D:\office\ntis-ui\.next\dev\server\chunks\ssr\[root-of-the-server]__0--uxy0._.js:976:21)
    at async ApiClient.request (D:\office\ntis-ui\.next\dev\server\chunks\ssr\[root-of-the-server]__0--uxy0._.js:1169:30)
    at async getOfficesPaged (D:\office\ntis-ui\.next\dev\server\chunks\ssr\[root-of-the-server]__0--uxy0._.js:1425:26)
    at async fetchOfficePagedServerAction (D:\office\ntis-ui\.next\dev\server\chunks\ssr\[root-of-the-server]__0--uxy0._.js:1568:24)
    at async Page (D:\office\ntis-ui\.next\dev\server\chunks\ssr\[root-of-the-server]__0g~w.ev._.js:110:20)
[2026-04-27T06:29:33.783Z] Network Error on https://localhost:7293/api/Office?PageNumber=1&PageSize=10: TypeError: Cannot convert argument to a ByteString because the character at index 716 has a value of 2336 which is greater than 255.
    at Module.fetch (D:\office\ntis-ui\.next\dev\server\chunks\ssr\node_modules_undici_0sdo5nq._.js:21877:19)
    at async serverFetch (D:\office\ntis-ui\.next\dev\server\chunks\ssr\[root-of-the-server]__0--uxy0._.js:976:21)
    at async ApiClient.request (D:\office\ntis-ui\.next\dev\server\chunks\ssr\[root-of-the-server]__0--uxy0._.js:1169:30)
    at async getOfficesPaged (D:\office\ntis-ui\.next\dev\server\chunks\ssr\[root-of-the-server]__0--uxy0._.js:1425:26)
    at async fetchOfficePagedServerAction (D:\office\ntis-ui\.next\dev\server\chunks\ssr\[root-of-the-server]__0--uxy0._.js:1568:24)
    at async Page (D:\office\ntis-ui\.next\dev\server\chunks\ssr\[root-of-the-server]__0g~w.ev._.js:110:20)
[2026-04-27T06:29:40.820Z] Network Error on https://localhost:7293/api/Office?PageNumber=1&PageSize=10: TypeError: Cannot convert argument to a ByteString because the character at index 716 has a value of 2336 which is greater than 255.
    at Module.fetch (D:\office\ntis-ui\.next\dev\server\chunks\ssr\node_modules_undici_0sdo5nq._.js:21877:19)
    at async serverFetch (D:\office\ntis-ui\.next\dev\server\chunks\ssr\[root-of-the-server]__0--uxy0._.js:976:21)
    at async ApiClient.request (D:\office\ntis-ui\.next\dev\server\chunks\ssr\[root-of-the-server]__0--uxy0._.js:1169:30)
    at async getOfficesPaged (D:\office\ntis-ui\.next\dev\server\chunks\ssr\[root-of-the-server]__0--uxy0._.js:1425:26)
    at async fetchOfficePagedServerAction (D:\office\ntis-ui\.next\dev\server\chunks\ssr\[root-of-the-server]__0--uxy0._.js:1568:24)
    at async Page (D:\office\ntis-ui\.next\dev\server\chunks\ssr\[root-of-the-server]__0g~w.ev._.js:110:20)
[2026-04-27T06:29:43.811Z] Network Error on https://localhost:7293/api/Office?PageNumber=1&PageSize=10: TypeError: Cannot convert argument to a ByteString because the character at index 716 has a value of 2336 which is greater than 255.
    at Module.fetch (D:\office\ntis-ui\.next\dev\server\chunks\ssr\node_modules_undici_0sdo5nq._.js:21877:19)
    at async serverFetch (D:\office\ntis-ui\.next\dev\server\chunks\ssr\[root-of-the-server]__0--uxy0._.js:976:21)
    at async ApiClient.request (D:\office\ntis-ui\.next\dev\server\chunks\ssr\[root-of-the-server]__0--uxy0._.js:1169:30)
    at async getOfficesPaged (D:\office\ntis-ui\.next\dev\server\chunks\ssr\[root-of-the-server]__0--uxy0._.js:1425:26)
    at async fetchOfficePagedServerAction (D:\office\ntis-ui\.next\dev\server\chunks\ssr\[root-of-the-server]__0--uxy0._.js:1568:24)
    at async Page (D:\office\ntis-ui\.next\dev\server\chunks\ssr\[root-of-the-server]__0g~w.ev._.js:110:20)